[debug] [2023-10-01T18:08:39.319Z] ----------------------------------------------------------------------
[debug] [2023-10-01T18:08:39.323Z] Command:       C:\Program Files\nodejs\node.exe C:\Users\tchisama\AppData\Roaming\npm\node_modules\firebase-tools\lib\bin\firebase.js init
[debug] [2023-10-01T18:08:39.324Z] CLI Version:   12.6.1
[debug] [2023-10-01T18:08:39.324Z] Platform:      win32
[debug] [2023-10-01T18:08:39.325Z] Node Version:  v18.16.1
[debug] [2023-10-01T18:08:39.326Z] Time:          Sun Oct 01 2023 11:08:39 GMT-0700 (Pacific Daylight Time)
[debug] [2023-10-01T18:08:39.327Z] ----------------------------------------------------------------------
[debug] 
[debug] [2023-10-01T18:08:39.349Z] > command requires scopes: ["email","openid","https://www.googleapis.com/auth/cloudplatformprojects.readonly","https://www.googleapis.com/auth/firebase","https://www.googleapis.com/auth/cloud-platform"]
[debug] [2023-10-01T18:08:39.350Z] > authorizing via signed-in user (pro.tchisama@gmail.com)
[info] 
     ######## #### ########  ######## ########     ###     ######  ########
     ##        ##  ##     ## ##       ##     ##  ##   ##  ##       ##
     ######    ##  ########  ######   ########  #########  ######  ######
     ##        ##  ##    ##  ##       ##     ## ##     ##       ## ##
     ##       #### ##     ## ######## ########  ##     ##  ######  ########

You're about to initialize a Firebase project in this directory:

  C:\Users\tchisama\github\syntho-unity\lms-30mw-full-stack

[debug] [2023-10-01T18:09:12.976Z] ----------------------------------------------------------------------
[debug] [2023-10-01T18:09:12.980Z] Command:       C:\Program Files\nodejs\node.exe C:\Users\tchisama\AppData\Roaming\npm\node_modules\firebase-tools\lib\bin\firebase.js init hosting
[debug] [2023-10-01T18:09:12.980Z] CLI Version:   12.6.1
[debug] [2023-10-01T18:09:12.981Z] Platform:      win32
[debug] [2023-10-01T18:09:12.982Z] Node Version:  v18.16.1
[debug] [2023-10-01T18:09:12.983Z] Time:          Sun Oct 01 2023 11:09:12 GMT-0700 (Pacific Daylight Time)
[debug] [2023-10-01T18:09:12.983Z] ----------------------------------------------------------------------
[debug] 
[debug] [2023-10-01T18:09:13.002Z] > command requires scopes: ["email","openid","https://www.googleapis.com/auth/cloudplatformprojects.readonly","https://www.googleapis.com/auth/firebase","https://www.googleapis.com/auth/cloud-platform"]
[debug] [2023-10-01T18:09:13.003Z] > authorizing via signed-in user (pro.tchisama@gmail.com)
[info] 
     ######## #### ########  ######## ########     ###     ######  ########
     ##        ##  ##     ## ##       ##     ##  ##   ##  ##       ##
     ######    ##  ########  ######   ########  #########  ######  ######
     ##        ##  ##    ##  ##       ##     ## ##     ##       ## ##
     ##       #### ##     ## ######## ########  ##     ##  ######  ########

You're about to initialize a Firebase project in this directory:

  C:\Users\tchisama\github\syntho-unity\lms-30mw-full-stack

[info] 
=== Project Setup
[info] 
[info] First, let's associate this project directory with a Firebase project.
[info] You can create multiple project aliases by running firebase use --add, 
[info] but for now we'll just set up a default project.
[info] 
[debug] [2023-10-01T18:09:31.828Z] >>> [apiv2][query] GET https://firebase.googleapis.com/v1beta1/projects pageSize=100
[debug] [2023-10-01T18:09:32.583Z] <<< [apiv2][status] GET https://firebase.googleapis.com/v1beta1/projects 200
[debug] [2023-10-01T18:09:32.584Z] <<< [apiv2][body] GET https://firebase.googleapis.com/v1beta1/projects [omitted]
[info] i  Using project mwacademy-edadb (30mwacademy) 
[info] 
=== Hosting Setup
[info] 
[info] Your public directory is the folder (relative to your project directory) that
[info] will contain Hosting assets to be uploaded with firebase deploy. If you
[info] have a build process for your assets, use your build's output directory.
[info] 
[debug] [2023-10-01T18:13:51.422Z] ----------------------------------------------------------------------
[debug] [2023-10-01T18:13:51.426Z] Command:       C:\Program Files\nodejs\node.exe C:\Users\tchisama\AppData\Roaming\npm\node_modules\firebase-tools\lib\bin\firebase.js init hosting
[debug] [2023-10-01T18:13:51.427Z] CLI Version:   12.6.1
[debug] [2023-10-01T18:13:51.428Z] Platform:      win32
[debug] [2023-10-01T18:13:51.428Z] Node Version:  v18.16.1
[debug] [2023-10-01T18:13:51.430Z] Time:          Sun Oct 01 2023 11:13:51 GMT-0700 (Pacific Daylight Time)
[debug] [2023-10-01T18:13:51.431Z] ----------------------------------------------------------------------
[debug] 
[debug] [2023-10-01T18:13:51.447Z] > command requires scopes: ["email","openid","https://www.googleapis.com/auth/cloudplatformprojects.readonly","https://www.googleapis.com/auth/firebase","https://www.googleapis.com/auth/cloud-platform"]
[debug] [2023-10-01T18:13:51.448Z] > authorizing via signed-in user (pro.tchisama@gmail.com)
[info] 
     ######## #### ########  ######## ########     ###     ######  ########
     ##        ##  ##     ## ##       ##     ##  ##   ##  ##       ##
     ######    ##  ########  ######   ########  #########  ######  ######
     ##        ##  ##    ##  ##       ##     ## ##     ##       ## ##
     ##       #### ##     ## ######## ########  ##     ##  ######  ########

You're about to initialize a Firebase project in this directory:

  C:\Users\tchisama\github\syntho-unity\lms-30mw-full-stack

[info] 
=== Project Setup
[info] 
[info] First, let's associate this project directory with a Firebase project.
[info] You can create multiple project aliases by running firebase use --add, 
[info] but for now we'll just set up a default project.
[info] 
[info] i  If you want to create a project in a Google Cloud organization or folder, please use "firebase projects:create" instead, and return to this command when you've created the project. 
[debug] [2023-10-01T18:15:15.869Z] >>> [apiv2][query] POST https://cloudresourcemanager.googleapis.com/v1/projects [none]
[debug] [2023-10-01T18:15:15.869Z] >>> [apiv2][body] POST https://cloudresourcemanager.googleapis.com/v1/projects {"projectId":"30minwebsite-lms-firebase","name":"30minwebsite-lms"}
[debug] [2023-10-01T18:15:16.799Z] <<< [apiv2][status] POST https://cloudresourcemanager.googleapis.com/v1/projects 400
[debug] [2023-10-01T18:15:16.800Z] <<< [apiv2][body] POST https://cloudresourcemanager.googleapis.com/v1/projects {"error":{"code":400,"message":"field [project_id] has issue [project_id contains invalid characters]","status":"INVALID_ARGUMENT","details":[{"@type":"type.googleapis.com/google.rpc.BadRequest","fieldViolations":[{"field":"project_id","description":"project_id contains invalid characters"}]},{"@type":"type.googleapis.com/google.rpc.Help","links":[{"url":"https://cloud.google.com/resource-manager/reference/rest/v1/projects"}]}]}}
[debug] [2023-10-01T18:15:16.971Z] FirebaseError: HTTP Error: 400, field [project_id] has issue [project_id contains invalid characters]
    at responseToError (C:\Users\tchisama\AppData\Roaming\npm\node_modules\firebase-tools\lib\responseToError.js:49:12)
    at RetryOperation._fn (C:\Users\tchisama\AppData\Roaming\npm\node_modules\firebase-tools\lib\apiv2.js:285:77)
    at process.processTicksAndRejections (node:internal/process/task_queues:95:5)
[error] 
[error] Error: Failed to create project. See firebase-debug.log for more info.
[debug] [2023-10-01T18:15:40.523Z] ----------------------------------------------------------------------
[debug] [2023-10-01T18:15:40.529Z] Command:       C:\Program Files\nodejs\node.exe C:\Users\tchisama\AppData\Roaming\npm\node_modules\firebase-tools\lib\bin\firebase.js init hosting
[debug] [2023-10-01T18:15:40.530Z] CLI Version:   12.6.1
[debug] [2023-10-01T18:15:40.531Z] Platform:      win32
[debug] [2023-10-01T18:15:40.531Z] Node Version:  v18.16.1
[debug] [2023-10-01T18:15:40.533Z] Time:          Sun Oct 01 2023 11:15:40 GMT-0700 (Pacific Daylight Time)
[debug] [2023-10-01T18:15:40.533Z] ----------------------------------------------------------------------
[debug] 
[debug] [2023-10-01T18:15:40.551Z] > command requires scopes: ["email","openid","https://www.googleapis.com/auth/cloudplatformprojects.readonly","https://www.googleapis.com/auth/firebase","https://www.googleapis.com/auth/cloud-platform"]
[debug] [2023-10-01T18:15:40.552Z] > authorizing via signed-in user (pro.tchisama@gmail.com)
[info] 
     ######## #### ########  ######## ########     ###     ######  ########
     ##        ##  ##     ## ##       ##     ##  ##   ##  ##       ##
     ######    ##  ########  ######   ########  #########  ######  ######
     ##        ##  ##    ##  ##       ##     ## ##     ##       ## ##
     ##       #### ##     ## ######## ########  ##     ##  ######  ########

You're about to initialize a Firebase project in this directory:

  C:\Users\tchisama\github\syntho-unity\lms-30mw-full-stack

[info] 
=== Project Setup
[info] 
[info] First, let's associate this project directory with a Firebase project.
[info] You can create multiple project aliases by running firebase use --add, 
[info] but for now we'll just set up a default project.
[info] 
[debug] [2023-10-01T18:15:45.836Z] >>> [apiv2][query] GET https://firebase.googleapis.com/v1beta1/projects pageSize=100
[debug] [2023-10-01T18:15:46.465Z] <<< [apiv2][status] GET https://firebase.googleapis.com/v1beta1/projects 200
[debug] [2023-10-01T18:15:46.466Z] <<< [apiv2][body] GET https://firebase.googleapis.com/v1beta1/projects [omitted]
[info] i  Using project mwacademy-edadb (30mwacademy) 
[info] 
=== Hosting Setup
[info] 
[info] Your public directory is the folder (relative to your project directory) that
[info] will contain Hosting assets to be uploaded with firebase deploy. If you
[info] have a build process for your assets, use your build's output directory.
[info] 
